# JRE version: OpenJDK Runtime Environment (11.0.11+9) (build 11.0.11+9-b60-7590822)
# Java VM: OpenJDK 64-Bit Server VM (11.0.11+9-b60-7590822, mixed mode, tiered, compressed oops, g1 gc, windows-amd64)
Heap:
 garbage-first heap   total 200704K, used 161835K [0x0000000080000000, 0x0000000100000000)
  region size 1024K, 18 young (18432K), 4 survivors (4096K)
 Metaspace       used 120299K, capacity 122966K, committed 123776K, reserved 1157120K
  class space    used 14824K, capacity 15823K, committed 16000K, reserved 1048576K
GC Heap History (20 events):
Event: 4460.260 GC heap before
{Heap before GC invocations=104 (full 0):
 garbage-first heap   total 200704K, used 171430K [0x0000000080000000, 0x0000000100000000)
  region size 1024K, 51 young (52224K), 4 survivors (4096K)
 Metaspace       used 115476K, capacity 118415K, committed 118784K, reserved 1153024K
  class space    used 14358K, capacity 15455K, committed 15616K, reserved 1048576K
}
Event: 4460.478 GC heap after
{Heap after GC invocations=105 (full 0):
 garbage-first heap   total 200704K, used 124182K [0x0000000080000000, 0x0000000100000000)
  region size 1024K, 4 young (4096K), 4 survivors (4096K)
 Metaspace       used 115476K, capacity 118415K, committed 118784K, reserved 1153024K
  class space    used 14358K, capacity 15455K, committed 15616K, reserved 1048576K
}
Event: 6476.277 GC heap before
{Heap before GC invocations=105 (full 0):
 garbage-first heap   total 200704K, used 173334K [0x0000000080000000, 0x0000000100000000)
  region size 1024K, 52 young (53248K), 4 survivors (4096K)
 Metaspace       used 115710K, capacity 118639K, committed 118784K, reserved 1153024K
  class space    used 14378K, capacity 15474K, committed 15616K, reserved 1048576K
}
Event: 6476.368 GC heap after
{Heap after GC invocations=106 (full 0):
 garbage-first heap   total 200704K, used 125504K [0x0000000080000000, 0x0000000100000000)
  region size 1024K, 6 young (6144K), 6 survivors (6144K)
 Metaspace       used 115710K, capacity 118639K, committed 118784K, reserved 1153024K
  class space    used 14378K, capacity 15474K, committed 15616K, reserved 1048576K
}
Event: 6480.595 GC heap before
{Heap before GC invocations=107 (full 0):
 garbage-first heap   total 200704K, used 171584K [0x0000000080000000, 0x0000000100000000)
  region size 1024K, 52 young (53248K), 6 survivors (6144K)
 Metaspace       used 116608K, capacity 119219K, committed 120192K, reserved 1153024K
  class space    used 14410K, capacity 15402K, committed 15744K, reserved 1048576K
}
Event: 6480.680 GC heap after
{Heap after GC invocations=108 (full 0):
 garbage-first heap   total 200704K, used 129799K [0x0000000080000000, 0x0000000100000000)
  region size 1024K, 7 young (7168K), 7 survivors (7168K)
 Metaspace       used 116608K, capacity 119219K, committed 120192K, reserved 1153024K
  class space    used 14410K, capacity 15402K, committed 15744K, reserved 1048576K
}
Event: 6480.805 GC heap before
{Heap before GC invocations=108 (full 0):
 garbage-first heap   total 200704K, used 131847K [0x0000000080000000, 0x0000000100000000)
  region size 1024K, 9 young (9216K), 7 survivors (7168K)
 Metaspace       used 116793K, capacity 119518K, committed 120448K, reserved 1155072K
  class space    used 14431K, capacity 15476K, committed 15744K, reserved 1048576K
}
Event: 6481.094 GC heap after
{Heap after GC invocations=109 (full 0):
 garbage-first heap   total 200704K, used 124407K [0x0000000080000000, 0x0000000100000000)
  region size 1024K, 2 young (2048K), 2 survivors (2048K)
 Metaspace       used 116793K, capacity 119518K, committed 120448K, reserved 1155072K
  class space    used 14431K, capacity 15476K, committed 15744K, reserved 1048576K
}
Event: 6481.505 GC heap before
{Heap before GC invocations=109 (full 0):
 garbage-first heap   total 200704K, used 131575K [0x0000000080000000, 0x0000000100000000)
  region size 1024K, 9 young (9216K), 2 survivors (2048K)
 Metaspace       used 117520K, capacity 120272K, committed 121088K, reserved 1155072K
  class space    used 14565K, capacity 15604K, committed 15872K, reserved 1048576K
}
Event: 6481.535 GC heap after
{Heap after GC invocations=110 (full 0):
 garbage-first heap   total 200704K, used 123074K [0x0000000080000000, 0x0000000100000000)
  region size 1024K, 1 young (1024K), 1 survivors (1024K)
 Metaspace       used 117520K, capacity 120272K, committed 121088K, reserved 1155072K
  class space    used 14565K, capacity 15604K, committed 15872K, reserved 1048576K
}
Event: 6484.482 GC heap before
{Heap before GC invocations=110 (full 0):
 garbage-first heap   total 200704K, used 169154K [0x0000000080000000, 0x0000000100000000)
  region size 1024K, 47 young (48128K), 1 survivors (1024K)
 Metaspace       used 119158K, capacity 121969K, committed 122496K, reserved 1155072K
  class space    used 14751K, capacity 15787K, committed 16000K, reserved 1048576K
}
Event: 6484.502 GC heap after
{Heap after GC invocations=111 (full 0):
 garbage-first heap   total 200704K, used 125576K [0x0000000080000000, 0x0000000100000000)
  region size 1024K, 4 young (4096K), 4 survivors (4096K)
 Metaspace       used 119158K, capacity 121969K, committed 122496K, reserved 1155072K
  class space    used 14751K, capacity 15787K, committed 16000K, reserved 1048576K
}
Event: 6486.332 GC heap before
{Heap before GC invocations=112 (full 0):
 garbage-first heap   total 200704K, used 172680K [0x0000000080000000, 0x0000000100000000)
  region size 1024K, 48 young (49152K), 4 survivors (4096K)
 Metaspace       used 119105K, capacity 121723K, committed 122752K, reserved 1157120K
  class space    used 14707K, capacity 15706K, committed 16000K, reserved 1048576K
}
Event: 6486.405 GC heap after
{Heap after GC invocations=113 (full 0):
 garbage-first heap   total 200704K, used 143004K [0x0000000080000000, 0x0000000100000000)
  region size 1024K, 6 young (6144K), 6 survivors (6144K)
 Metaspace       used 119105K, capacity 121723K, committed 122752K, reserved 1157120K
  class space    used 14707K, capacity 15706K, committed 16000K, reserved 1048576K
}
Event: 6486.504 GC heap before
{Heap before GC invocations=113 (full 0):
 garbage-first heap   total 200704K, used 145052K [0x0000000080000000, 0x0000000100000000)
  region size 1024K, 9 young (9216K), 6 survivors (6144K)
 Metaspace       used 119106K, capacity 121723K, committed 122752K, reserved 1157120K
  class space    used 14707K, capacity 15706K, committed 16000K, reserved 1048576K
}
Event: 6486.548 GC heap after
{Heap after GC invocations=114 (full 0):
 garbage-first heap   total 200704K, used 138703K [0x0000000080000000, 0x0000000100000000)
  region size 1024K, 2 young (2048K), 2 survivors (2048K)
 Metaspace       used 119106K, capacity 121723K, committed 122752K, reserved 1157120K
  class space    used 14707K, capacity 15706K, committed 16000K, reserved 1048576K
}
Event: 6487.258 GC heap before
{Heap before GC invocations=114 (full 0):
 garbage-first heap   total 200704K, used 145871K [0x0000000080000000, 0x0000000100000000)
  region size 1024K, 9 young (9216K), 2 survivors (2048K)
 Metaspace       used 119506K, capacity 122139K, committed 123008K, reserved 1157120K
  class space    used 14735K, capacity 15738K, committed 16000K, reserved 1048576K
}
Event: 6487.296 GC heap after
{Heap after GC invocations=115 (full 0):
 garbage-first heap   total 200704K, used 138754K [0x0000000080000000, 0x0000000100000000)
  region size 1024K, 2 young (2048K), 2 survivors (2048K)
 Metaspace       used 119506K, capacity 122139K, committed 123008K, reserved 1157120K
  class space    used 14735K, capacity 15738K, committed 16000K, reserved 1048576K
}
Event: 6492.235 GC heap before
{Heap before GC invocations=115 (full 0):
 garbage-first heap   total 200704K, used 155138K [0x0000000080000000, 0x0000000100000000)
  region size 1024K, 20 young (20480K), 2 survivors (2048K)
 Metaspace       used 120255K, capacity 122902K, committed 123520K, reserved 1157120K
  class space    used 14822K, capacity 15823K, committed 16000K, reserved 1048576K
}
Event: 6493.532 GC heap after
{Heap after GC invocations=116 (full 0):
 garbage-first heap   total 200704K, used 140331K [0x0000000080000000, 0x0000000100000000)
  region size 1024K, 4 young (4096K), 4 survivors (4096K)
 Metaspace       used 120255K, capacity 122902K, committed 123520K, reserved 1157120K
  class space    used 14822K, capacity 15823K, committed 16000K, reserved 1048576K
}

